Added Component: Designator=P19_2(HDR2X18)
Add component (AddParameter): Name = "LatestRevisionDate"; Value = "17-Jul-2002"; VariantName = "[No Variations]"
Add component (AddParameter): Name = "LatestRevisionNote"; Value = "Re-released for DXP Platform."; VariantName = "[No Variations]"
Add component (AddParameter): Name = "Publisher"; Value = "Altium Limited"; VariantName = "[No Variations]"
Add Pin To Net: Unknown Pin: Pin D1-1
Add Pin To Net: Unknown Pin: Pin D1-2
Add Pin To Net: Unknown Pin: Pin D2-1
Add Pin To Net: Unknown Pin: Pin D2-2
Added Pin To Net: NetName=gnd Pin=P19_2-1
Added Pin To Net: NetName=gnd Pin=P19_2-2
Added Pin To Net: NetName=D53 Pin=P19_2-3
Added Pin To Net: NetName=SCK Pin=P19_2-4
Added Pin To Net: NetName=MOSI Pin=P19_2-5
Added Pin To Net: NetName=MISO Pin=P19_2-6
Added Pin To Net: NetName=D49 Pin=P19_2-7
Added Pin To Net: NetName=Z-DIR Pin=P19_2-8
Added Pin To Net: NetName=D47 Pin=P19_2-9
Added Pin To Net: NetName=Z-STEP Pin=P19_2-10
Added Pin To Net: NetName=D45 Pin=P19_2-11
Added Pin To Net: NetName=D44 Pin=P19_2-12
Added Pin To Net: NetName=D43 Pin=P19_2-13
Added Pin To Net: NetName=D42 Pin=P19_2-14
Added Pin To Net: NetName=D41 Pin=P19_2-15
Added Pin To Net: NetName=D40 Pin=P19_2-16
Added Pin To Net: NetName=D39 Pin=P19_2-17
Added Pin To Net: NetName=X-EN Pin=P19_2-18
Added Pin To Net: NetName=D37 Pin=P19_2-19
Added Pin To Net: NetName=E1-STEP Pin=P19_2-20
Added Pin To Net: NetName=D35 Pin=P19_2-21
Added Pin To Net: NetName=E1-DIR Pin=P19_2-22
Added Pin To Net: NetName=D33 Pin=P19_2-23
Added Pin To Net: NetName=D32 Pin=P19_2-24
Added Pin To Net: NetName=D31 Pin=P19_2-25
Added Pin To Net: NetName=E1-EN Pin=P19_2-26
Added Pin To Net: NetName=D29 Pin=P19_2-27
Added Pin To Net: NetName=E-DIR Pin=P19_2-28
Added Pin To Net: NetName=D27 Pin=P19_2-29
Added Pin To Net: NetName=E-STEP Pin=P19_2-30
Added Pin To Net: NetName=D25 Pin=P19_2-31
Added Pin To Net: NetName=E-EN Pin=P19_2-32
Added Pin To Net: NetName=D23 Pin=P19_2-33
Added Pin To Net: NetName=NetLabel158 Pin=P19_2-34
Added Pin To Net: NetName=VDD Pin=P19_2-35
Added Pin To Net: NetName=VDD Pin=P19_2-36
Add Pin To Net: Unknown Pin: Pin S1-1
Add Pin To Net: Unknown Pin: Pin S1-2
Add Class Member: Failed to add class member : Component D1 Diode
Add Class Member: Failed to add class member : Component D2 Diode
Added Member To Class: ClassName=arduino_sh Member=Component P19_2 Header 18X2
Add Class Member: Failed to add class member : Component S1 Push Button Normally Opened
Added Member To Class: ClassName=arduino_sh Member=Component U? 2717
Added Room: Name=arduino_sh
