Removed Pin From Net: NetName=gnd Pin=E1-1
Removed Pin From Net: NetName=VDD Pin=P22-1
Removed Pin From Net: NetName=VDD Pin=P22-3
Removed Pin From Net: NetName=VDD Pin=P22-5
Removed Pin From Net: NetName=VDD Pin=P24-1
Removed Pin From Net: NetName=VDD Pin=P24-3
Removed Pin From Net: NetName=VDD Pin=P24-5
Removed Pin From Net: NetName=VDD Pin=P26-1
Removed Pin From Net: NetName=VDD Pin=P26-3
Removed Pin From Net: NetName=VDD Pin=P26-5
Removed Pin From Net: NetName=VDD Pin=P28-1
Removed Pin From Net: NetName=VDD Pin=P28-3
Removed Pin From Net: NetName=VDD Pin=P28-5
Removed Pin From Net: NetName=X-EN Pin=R3-1
Removed Pin From Net: NetName=VDD Pin=R3-2
Removed Pin From Net: NetName=Y-EN Pin=R4-1
Removed Pin From Net: NetName=VDD Pin=R4-2
Removed Pin From Net: NetName=Z-EN Pin=R5-1
Removed Pin From Net: NetName=VDD Pin=R5-2
Removed Pin From Net: NetName=E-EN Pin=R6-1
Removed Pin From Net: NetName=VDD Pin=R6-2
Removed Pin From Net: NetName=X-EN Pin=U1-1
Removed Pin From Net: NetName=X-STEP Pin=U1-7
Removed Pin From Net: NetName=X-DIR Pin=U1-8
Removed Pin From Net: NetName=gnd Pin=U1-9
Removed Pin From Net: NetName=VDD Pin=U1-10
Removed Pin From Net: NetName=gnd Pin=U1-15
Removed Pin From Net: NetName=VCC Pin=U1-16
Removed Pin From Net: NetName=Y-EN Pin=U2-1
Removed Pin From Net: NetName=Y-STEP Pin=U2-7
Removed Pin From Net: NetName=Y-DIR Pin=U2-8
Removed Pin From Net: NetName=gnd Pin=U2-9
Removed Pin From Net: NetName=VDD Pin=U2-10
Removed Pin From Net: NetName=gnd Pin=U2-15
Removed Pin From Net: NetName=VCC Pin=U2-16
Removed Pin From Net: NetName=Z-EN Pin=U3-1
Removed Pin From Net: NetName=Z-STEP Pin=U3-7
Removed Pin From Net: NetName=Z-DIR Pin=U3-8
Removed Pin From Net: NetName=gnd Pin=U3-9
Removed Pin From Net: NetName=VDD Pin=U3-10
Removed Pin From Net: NetName=gnd Pin=U3-15
Removed Pin From Net: NetName=VCC Pin=U3-16
Removed Pin From Net: NetName=E-EN Pin=U4-1
Removed Pin From Net: NetName=E-STEP Pin=U4-7
Removed Pin From Net: NetName=E-DIR Pin=U4-8
Removed Pin From Net: NetName=gnd Pin=U4-9
Removed Pin From Net: NetName=VDD Pin=U4-10
Removed Pin From Net: NetName=gnd Pin=U4-15
Removed Pin From Net: NetName=VCC Pin=U4-16
Removed Member From Class: ClassName=arduino_sh Member=P22
Removed Member From Class: ClassName=arduino_sh Member=P23
Removed Member From Class: ClassName=arduino_sh Member=P24
Removed Member From Class: ClassName=arduino_sh Member=P25
Removed Member From Class: ClassName=arduino_sh Member=P26
Removed Member From Class: ClassName=arduino_sh Member=P27
Removed Member From Class: ClassName=arduino_sh Member=P28
Removed Member From Class: ClassName=arduino_sh Member=P29
Removed Member From Class: ClassName=arduino_sh Member=U1
Removed Member From Class: ClassName=arduino_sh Member=U2
Removed Member From Class: ClassName=arduino_sh Member=U3
Removed Member From Class: ClassName=arduino_sh Member=U4
Added Component: Designator=S_X(HDR1X4)
Add component (AddParameter): Name = "LatestRevisionDate"; Value = "17-Jul-2002"; VariantName = "[No Variations]"
Add component (AddParameter): Name = "LatestRevisionNote"; Value = "Re-released for DXP Platform."; VariantName = "[No Variations]"
Add component (AddParameter): Name = "Publisher"; Value = "Altium Limited"; VariantName = "[No Variations]"
Added Component: Designator=S_Y(HDR1X4)
Add component (AddParameter): Name = "LatestRevisionDate"; Value = "17-Jul-2002"; VariantName = "[No Variations]"
Add component (AddParameter): Name = "LatestRevisionNote"; Value = "Re-released for DXP Platform."; VariantName = "[No Variations]"
Add component (AddParameter): Name = "Publisher"; Value = "Altium Limited"; VariantName = "[No Variations]"
Added Component: Designator=S_Z(HDR1X4)
Add component (AddParameter): Name = "LatestRevisionDate"; Value = "17-Jul-2002"; VariantName = "[No Variations]"
Add component (AddParameter): Name = "LatestRevisionNote"; Value = "Re-released for DXP Platform."; VariantName = "[No Variations]"
Add component (AddParameter): Name = "Publisher"; Value = "Altium Limited"; VariantName = "[No Variations]"
Added Component: Designator=U?(IC_DRV8825_STEPPER_MOTOR_DRIVER_CARRIER)
Add component (AddParameter): Name = "Availability"; Value = "Unavailable"; VariantName = "[No Variations]"
Add component (AddParameter): Name = "MF"; Value = ""; VariantName = "[No Variations]"
Add component (AddParameter): Name = "MP"; Value = "DRV8825_STEPPER_MOTOR_DRIVER_CARRIER"; VariantName = "[No Variations]"
Add component (AddParameter): Name = "Package"; Value = "None"; VariantName = "[No Variations]"
Add component (AddParameter): Name = "Price"; Value = "None"; VariantName = "[No Variations]"
Add component (AddParameter): Name = "Value"; Value = ""; VariantName = "[No Variations]"
Added Component: Designator=X1(HDR1X8)
Add component (AddParameter): Name = "LatestRevisionDate"; Value = "17-Jul-2002"; VariantName = "[No Variations]"
Add component (AddParameter): Name = "LatestRevisionNote"; Value = "Re-released for DXP Platform."; VariantName = "[No Variations]"
Add component (AddParameter): Name = "Publisher"; Value = "Altium Limited"; VariantName = "[No Variations]"
Added Component: Designator=X2(HDR1X8)
Add component (AddParameter): Name = "LatestRevisionDate"; Value = "17-Jul-2002"; VariantName = "[No Variations]"
Add component (AddParameter): Name = "LatestRevisionNote"; Value = "Re-released for DXP Platform."; VariantName = "[No Variations]"
Add component (AddParameter): Name = "Publisher"; Value = "Altium Limited"; VariantName = "[No Variations]"
Added Component: Designator=X11(HDR2X3)
Add component (AddParameter): Name = "LatestRevisionDate"; Value = "17-Jul-2002"; VariantName = "[No Variations]"
Add component (AddParameter): Name = "LatestRevisionNote"; Value = "Re-released for DXP Platform."; VariantName = "[No Variations]"
Add component (AddParameter): Name = "Publisher"; Value = "Altium Limited"; VariantName = "[No Variations]"
Added Component: Designator=Y1(HDR1X8)
Add component (AddParameter): Name = "LatestRevisionDate"; Value = "17-Jul-2002"; VariantName = "[No Variations]"
Add component (AddParameter): Name = "LatestRevisionNote"; Value = "Re-released for DXP Platform."; VariantName = "[No Variations]"
Add component (AddParameter): Name = "Publisher"; Value = "Altium Limited"; VariantName = "[No Variations]"
Added Component: Designator=Y2(HDR1X8)
Add component (AddParameter): Name = "LatestRevisionDate"; Value = "17-Jul-2002"; VariantName = "[No Variations]"
Add component (AddParameter): Name = "LatestRevisionNote"; Value = "Re-released for DXP Platform."; VariantName = "[No Variations]"
Add component (AddParameter): Name = "Publisher"; Value = "Altium Limited"; VariantName = "[No Variations]"
Added Component: Designator=Y22(HDR2X3)
Add component (AddParameter): Name = "LatestRevisionDate"; Value = "17-Jul-2002"; VariantName = "[No Variations]"
Add component (AddParameter): Name = "LatestRevisionNote"; Value = "Re-released for DXP Platform."; VariantName = "[No Variations]"
Add component (AddParameter): Name = "Publisher"; Value = "Altium Limited"; VariantName = "[No Variations]"
Added Component: Designator=Z1(HDR1X8)
Add component (AddParameter): Name = "LatestRevisionDate"; Value = "17-Jul-2002"; VariantName = "[No Variations]"
Add component (AddParameter): Name = "LatestRevisionNote"; Value = "Re-released for DXP Platform."; VariantName = "[No Variations]"
Add component (AddParameter): Name = "Publisher"; Value = "Altium Limited"; VariantName = "[No Variations]"
Added Component: Designator=Z2(HDR1X8)
Add component (AddParameter): Name = "LatestRevisionDate"; Value = "17-Jul-2002"; VariantName = "[No Variations]"
Add component (AddParameter): Name = "LatestRevisionNote"; Value = "Re-released for DXP Platform."; VariantName = "[No Variations]"
Add component (AddParameter): Name = "Publisher"; Value = "Altium Limited"; VariantName = "[No Variations]"
Added Component: Designator=Z33(HDR2X3)
Add component (AddParameter): Name = "LatestRevisionDate"; Value = "17-Jul-2002"; VariantName = "[No Variations]"
Add component (AddParameter): Name = "LatestRevisionNote"; Value = "Re-released for DXP Platform."; VariantName = "[No Variations]"
Add component (AddParameter): Name = "Publisher"; Value = "Altium Limited"; VariantName = "[No Variations]"
Add Pin To Net: Unknown Pin: Pin D1-1
Add Pin To Net: Unknown Pin: Pin D1-2
Add Pin To Net: Unknown Pin: Pin D2-1
Add Pin To Net: Unknown Pin: Pin D2-2
Added Pin To Net: NetName=E-EN Pin=E1-1
Added Pin To Net: NetName=VDD Pin=E2-7
Added Pin To Net: NetName=VDD Pin=R3-1
Added Pin To Net: NetName=X-EN Pin=R3-2
Added Pin To Net: NetName=VDD Pin=R4-1
Added Pin To Net: NetName=Y-EN Pin=R4-2
Added Pin To Net: NetName=VDD Pin=R5-1
Added Pin To Net: NetName=Z-EN Pin=R5-2
Added Pin To Net: NetName=VDD Pin=R6-1
Added Pin To Net: NetName=E-EN Pin=R6-2
Add Pin To Net: Unknown Pin: Pin S1-1
Add Pin To Net: Unknown Pin: Pin S1-2
Added Pin To Net: NetName=X-EN Pin=X1-1
Added Pin To Net: NetName=X-STEP Pin=X1-7
Added Pin To Net: NetName=X-DIR Pin=X1-8
Added Pin To Net: NetName=VCC Pin=X2-1
Added Pin To Net: NetName=gnd Pin=X2-2
Added Pin To Net: NetName=VDD Pin=X2-7
Added Pin To Net: NetName=gnd Pin=X2-8
Added Pin To Net: NetName=VDD Pin=X11-2
Added Pin To Net: NetName=VDD Pin=X11-4
Added Pin To Net: NetName=VDD Pin=X11-6
Added Pin To Net: NetName=Y-EN Pin=Y1-1
Added Pin To Net: NetName=Y-STEP Pin=Y1-7
Added Pin To Net: NetName=Y-DIR Pin=Y1-8
Added Pin To Net: NetName=VCC Pin=Y2-1
Added Pin To Net: NetName=gnd Pin=Y2-2
Added Pin To Net: NetName=VDD Pin=Y2-7
Added Pin To Net: NetName=gnd Pin=Y2-8
Added Pin To Net: NetName=VDD Pin=Y22-2
Added Pin To Net: NetName=VDD Pin=Y22-4
Added Pin To Net: NetName=VDD Pin=Y22-6
Added Pin To Net: NetName=Z-EN Pin=Z1-1
Added Pin To Net: NetName=Z-STEP Pin=Z1-7
Added Pin To Net: NetName=Z-DIR Pin=Z1-8
Added Pin To Net: NetName=VCC Pin=Z2-1
Added Pin To Net: NetName=gnd Pin=Z2-2
Added Pin To Net: NetName=VDD Pin=Z2-7
Added Pin To Net: NetName=gnd Pin=Z2-8
Added Pin To Net: NetName=VDD Pin=Z33-2
Added Pin To Net: NetName=VDD Pin=Z33-4
Added Pin To Net: NetName=VDD Pin=Z33-6
Added Pin To Net: NetName=A1_x Pin=S_X-3
Added Pin To Net: NetName=A1_x Pin=X2-5
Added Net: Name=A1_x
Added Pin To Net: NetName=A1_y Pin=S_Y-3
Added Pin To Net: NetName=A1_y Pin=Y2-5
Added Net: Name=A1_y
Added Pin To Net: NetName=A1_z Pin=S_Z-3
Added Pin To Net: NetName=A1_z Pin=Z2-5
Added Net: Name=A1_z
Added Pin To Net: NetName=A2_x Pin=S_X-4
Added Pin To Net: NetName=A2_x Pin=X2-6
Added Net: Name=A2_x
Added Pin To Net: NetName=A2_y Pin=S_Y-4
Added Pin To Net: NetName=A2_y Pin=Y2-6
Added Net: Name=A2_y
Added Pin To Net: NetName=A2_z Pin=S_Z-4
Added Pin To Net: NetName=A2_z Pin=Z2-6
Added Net: Name=A2_z
Added Pin To Net: NetName=B1_x Pin=S_X-2
Added Pin To Net: NetName=B1_x Pin=X2-4
Added Net: Name=B1_x
Added Pin To Net: NetName=B1_y Pin=S_Y-2
Added Pin To Net: NetName=B1_y Pin=Y2-4
Added Net: Name=B1_y
Added Pin To Net: NetName=B1_z Pin=S_Z-2
Added Pin To Net: NetName=B1_z Pin=Z2-4
Added Net: Name=B1_z
Added Pin To Net: NetName=B2_x Pin=S_X-1
Added Pin To Net: NetName=B2_x Pin=X2-3
Added Net: Name=B2_x
Added Pin To Net: NetName=B2_y Pin=S_Y-1
Added Pin To Net: NetName=B2_y Pin=Y2-3
Added Net: Name=B2_y
Added Pin To Net: NetName=B2_z Pin=S_Z-1
Added Pin To Net: NetName=B2_z Pin=Z2-3
Added Net: Name=B2_z
Added Pin To Net: NetName=M0_x Pin=X1-2
Added Pin To Net: NetName=M0_x Pin=X11-1
Added Net: Name=M0_x
Added Pin To Net: NetName=M0_y Pin=Y1-2
Added Pin To Net: NetName=M0_y Pin=Y22-1
Added Net: Name=M0_y
Added Pin To Net: NetName=M0_z Pin=Z1-2
Added Pin To Net: NetName=M0_z Pin=Z33-1
Added Net: Name=M0_z
Added Pin To Net: NetName=M1_x Pin=X1-3
Added Pin To Net: NetName=M1_x Pin=X11-3
Added Net: Name=M1_x
Added Pin To Net: NetName=M1_y Pin=Y1-3
Added Pin To Net: NetName=M1_y Pin=Y22-3
Added Net: Name=M1_y
Added Pin To Net: NetName=M1_z Pin=Z1-3
Added Pin To Net: NetName=M1_z Pin=Z33-3
Added Net: Name=M1_z
Added Pin To Net: NetName=M2_x Pin=X1-4
Added Pin To Net: NetName=M2_x Pin=X11-5
Added Net: Name=M2_x
Added Pin To Net: NetName=M2_y Pin=Y1-4
Added Pin To Net: NetName=M2_y Pin=Y22-5
Added Net: Name=M2_y
Added Pin To Net: NetName=M2_z Pin=Z1-4
Added Pin To Net: NetName=M2_z Pin=Z33-5
Added Net: Name=M2_z
Added Pin To Net: NetName=NetX1_5 Pin=X1-5
Added Pin To Net: NetName=NetX1_5 Pin=X1-6
Added Net: Name=NetX1_5
Added Pin To Net: NetName=NetY1_5 Pin=Y1-5
Added Pin To Net: NetName=NetY1_5 Pin=Y1-6
Added Net: Name=NetY1_5
Added Pin To Net: NetName=NetZ1_5 Pin=Z1-5
Added Pin To Net: NetName=NetZ1_5 Pin=Z1-6
Added Net: Name=NetZ1_5
Add Class Member: Failed to add class member : Component D1 Diode
Add Class Member: Failed to add class member : Component D2 Diode
Add Class Member: Failed to add class member : Component S1 Push Button Normally Opened
Added Member To Class: ClassName=arduino_sh Member=Component S_X Header 4
Added Member To Class: ClassName=arduino_sh Member=Component S_Y Header 4
Added Member To Class: ClassName=arduino_sh Member=Component S_Z Header 4
Added Member To Class: ClassName=arduino_sh Member=Component U? 2717
Added Member To Class: ClassName=arduino_sh Member=Component X1 Header 8
Added Member To Class: ClassName=arduino_sh Member=Component X2 Header 8
Added Member To Class: ClassName=arduino_sh Member=Component X11 Header 3X2
Added Member To Class: ClassName=arduino_sh Member=Component Y1 Header 8
Added Member To Class: ClassName=arduino_sh Member=Component Y2 Header 8
Added Member To Class: ClassName=arduino_sh Member=Component Y22 Header 3X2
Added Member To Class: ClassName=arduino_sh Member=Component Z1 Header 8
Added Member To Class: ClassName=arduino_sh Member=Component Z2 Header 8
Added Member To Class: ClassName=arduino_sh Member=Component Z33 Header 3X2
Added Room: Name=arduino_sh
