Change Component Footprint: Designator=SW? Old Footprint=FP-1825027-5-0 New Footprint=TECO-1825910-6_V
Change Component Comment : Designator=SW? Old Comment=1825027-5 New Comment=1825910-6
Change Managed Component Library Link : Designator=SW? Old VaultGUID=B7D15EC3-160A-466F-A46C-7801FE6295A7 New VaultGUID=B7D15EC3-160A-466F-A46C-7801FE6295A7 Old ItemGUID=CC3D868C-AD5A-4C78-8EC9-9CCE954565B9 New ItemGUID=9D672B88-308C-4BE1-ABC8-14BA635D9EFE Old RevisionGUID=BCC72624-232E-4CE9-AC0E-F9C91106A81C New RevisionGUID=1A7C09F2-A786-4D53-8E36-0B0D6FD96266
Change component parameters: Designator = "SW?" ("SW?"); Footprint = "FP-1825027-5-0"; UniqueID = "\UJMMVCOQ" ("\UJMMVCOQ")
Change component parameters (AddParameter): Name = "Actuator Color"; Value = "Black"; VariantName = "[No Variations]"
Change component parameters (AddParameter): Name = "Actuator Length"; Value = "1.4mm"; VariantName = "[No Variations]"
Change component parameters (AddParameter): Name = "Actuator Material"; Value = "PolybutyleneTerephthalate"; VariantName = "[No Variations]"
Change component parameters (AddParameter): Name = "Actuator Style"; Value = "RoundButton"; VariantName = "[No Variations]"
Change component parameters (AddParameter): Name = "Base Material"; Value = "N/A"; VariantName = "[No Variations]"
Change component parameters (AddParameter): Name = "Body Orientation"; Value = "Straight"; VariantName = "[No Variations]"
Change component parameters (AddParameter): Name = "Bushing Type"; Value = "Unthreaded"; VariantName = "[No Variations]"
Change component parameters (AddParameter): Name = "Contact Material"; Value = "CopperAlloy"; VariantName = "[No Variations]"
Change component parameters (AddParameter): Name = "Contact Plating"; Value = "Silver"; VariantName = "[No Variations]"
Change component parameters (AddParameter): Name = "Contact Rating @ Voltage"; Value = "0.05A@24VDC"; VariantName = "[No Variations]"
Change component parameters (AddParameter): Name = "Datasheet URL"; Value = "http://www.te.com/commerce/DocumentDelivery/DDEController?Action=showdoc&DocId=Customer+Drawing%7F1825910%7FC9%7Fpdf%7FEnglish%7FENG_CD_1825910_C9.pdf%7F1825910-6"; VariantName = "[No Variations]"
Change component parameters (AddParameter): Name = "Datasheet Version"; Value = "Rev. C9"; VariantName = "[No Variations]"
Change component parameters (AddParameter): Name = "Dielectric Strength"; Value = "500VAC"; VariantName = "[No Variations]"
Change component parameters (AddParameter): Name = "Dimension"; Value = "5.99x5mm"; VariantName = "[No Variations]"
Change component parameters (AddParameter): Name = "Electrical Life"; Value = "100000Cycles"; VariantName = "[No Variations]"
Change component parameters (AddParameter): Name = "Family"; Value = "1825910"; VariantName = "[No Variations]"
Change component parameters (AddParameter): Name = "Function"; Value = "MomentaryContact"; VariantName = "[No Variations]"
Change component parameters (AddParameter): Name = "Housing Material"; Value = "N/A"; VariantName = "[No Variations]"
Change component parameters (AddParameter): Name = "Illumination"; Value = "N/R"; VariantName = "[No Variations]"
Change component parameters (AddParameter): Name = "Manufacturer"; Value = "TE Connectivity"; VariantName = "[No Variations]"
Change component parameters (AddParameter): Name = "Manufacturer URL"; Value = "http://www.te.com"; VariantName = "[No Variations]"
Change component parameters (AddParameter): Name = "Maximum AC Voltage Rating"; Value = "N/A"; VariantName = "[No Variations]"
Change component parameters (AddParameter): Name = "Maximum Contact Resistance"; Value = "100mOhm"; VariantName = "[No Variations]"
Change component parameters (AddParameter): Name = "Maximum DC Voltage Rating"; Value = "24V"; VariantName = "[No Variations]"
Change component parameters (AddParameter): Name = "Mechanical Life"; Value = "100000Cycles"; VariantName = "[No Variations]"
Change component parameters (AddParameter): Name = "Minimum Insulation Resistance"; Value = "100MOhm"; VariantName = "[No Variations]"
Change component parameters (AddParameter): Name = "Mounting"; Value = "ThroughHole"; VariantName = "[No Variations]"
Change component parameters (AddParameter): Name = "Operating Temperature"; Value = "-35to85C"; VariantName = "[No Variations]"
Change component parameters (AddParameter): Name = "Package Description"; Value = "4-Pin Through Hole Device, Body 5.99 x 5.99 mm, Pitch 6.5 mm"; VariantName = "[No Variations]"
Change component parameters (AddParameter): Name = "Package Reference"; Value = "THD"; VariantName = "[No Variations]"
Change component parameters (AddParameter): Name = "Packaging"; Value = "N/A"; VariantName = "[No Variations]"
Change component parameters (AddParameter): Name = "Part No"; Value = "1825910-6"; VariantName = "[No Variations]"
Change component parameters (AddParameter): Name = "Pole Throw Configuration"; Value = "SPST"; VariantName = "[No Variations]"
Change component parameters (AddParameter): Name = "Product Weight"; Value = "N/A"; VariantName = "[No Variations]"
Change component parameters (AddParameter): Name = "RoHS"; Value = "Yes"; VariantName = "[No Variations]"
Change component parameters (AddParameter): Name = "Seal Description"; Value = "N/A"; VariantName = "[No Variations]"
Change component parameters (AddParameter): Name = "Seal Location"; Value = "N/A"; VariantName = "[No Variations]"
Change component parameters (AddParameter): Name = "Switch Configuration"; Value = "OFF(ON)"; VariantName = "[No Variations]"
Change component parameters (AddParameter): Name = "Terminal Type"; Value = "PCPins"; VariantName = "[No Variations]"
Change component parameters (AddParameter): Name = "Thread Size"; Value = "N/R"; VariantName = "[No Variations]"
Add Pin To Net: Unknown Pin: Pin D1-1
Add Pin To Net: Unknown Pin: Pin D1-2
Add Pin To Net: Unknown Pin: Pin D2-1
Add Pin To Net: Unknown Pin: Pin D2-2
Add Class Member: Failed to add class member : Component D1 Diode
Add Class Member: Failed to add class member : Component D2 Diode
Added Member To Class: ClassName=arduino_sh Member=Component U? 2717
Added Room: Name=arduino_sh
